<?xml version="1.0" encoding="UTF-8"?>
<!-- Generated by org.testng.reporters.JUnitReportReporter -->
<testsuite hostname="DESKTOP-1C8JGEG" failures="0" tests="2" name="com.PracticeTestNG.SpicejetTest" time="30.714" errors="0" timestamp="2023-09-27T22:59:13 IST" skipped="0">
  <testcase classname="com.PracticeTestNG.SpicejetTest" name="method" time="30.701"/>
  <testcase classname="com.PracticeTestNG.SpicejetTest" name="array" time="0.013"/>
</testsuite> <!-- com.PracticeTestNG.SpicejetTest -->
